2016-11-02 19:00:17 4148 [Note] Plugin 'FEDERATED' is disabled.
2016-11-02 19:00:17 4148 [Note] InnoDB: The InnoDB memory heap is disabled
2016-11-02 19:00:17 4148 [Note] InnoDB: Mutexes and rw_locks use Windows interlocked functions
2016-11-02 19:00:17 4148 [Note] InnoDB: Compressed tables use zlib 1.2.3
2016-11-02 19:00:17 4148 [Note] InnoDB: Not using CPU crc32 instructions
2016-11-02 19:00:17 4148 [Note] InnoDB: Initializing buffer pool, size = 128.0M
2016-11-02 19:00:17 4148 [Note] InnoDB: Completed initialization of buffer pool
2016-11-02 19:00:17 4148 [Note] InnoDB: Setting log file C:\Users\menno\Documents\Drive\school\informatica\PO V6\GITPOP\POP\mysql\data\ib_logfile101 size to 5 MB
2016-11-02 19:00:17 4148 [Note] InnoDB: Setting log file C:\Users\menno\Documents\Drive\school\informatica\PO V6\GITPOP\POP\mysql\data\ib_logfile1 size to 5 MB
2016-11-02 19:00:17 4148 [Note] InnoDB: Renaming log file C:\Users\menno\Documents\Drive\school\informatica\PO V6\GITPOP\POP\mysql\data\ib_logfile101 to C:\Users\menno\Documents\Drive\school\informatica\PO V6\GITPOP\POP\mysql\data\ib_logfile0
2016-11-02 19:00:17 4148 [Warning] InnoDB: New log files created, LSN=1626134
2016-11-02 19:00:17 4148 [Note] InnoDB: Highest supported file format is Barracuda.
2016-11-02 19:00:17 4148 [Note] InnoDB: 128 rollback segment(s) are active.
2016-11-02 19:00:17 4148 [Note] InnoDB: Waiting for purge to start
2016-11-02 19:00:17 4148 [Note] InnoDB: 5.6.13 started; log sequence number 1626636
2016-11-02 19:00:17 4148 [Warning] No existing UUID has been found, so we assume that this is the first time that this server has been started. Generating a new UUID: 3650a62d-a126-11e6-adaf-7a791976a678.
2016-11-02 19:00:17 4148 [Note] Server hostname (bind-address): '*'; port: 3307
2016-11-02 19:00:17 4148 [Note] IPv6 is available.
2016-11-02 19:00:17 4148 [Note]   - '::' resolves to '::';
2016-11-02 19:00:17 4148 [Note] Server socket created on IP: '::'.
2016-11-02 19:00:31 10208 [Note] Plugin 'FEDERATED' is disabled.
2016-11-02 19:00:31 10208 [Note] InnoDB: The InnoDB memory heap is disabled
2016-11-02 19:00:31 10208 [Note] InnoDB: Mutexes and rw_locks use Windows interlocked functions
2016-11-02 19:00:31 10208 [Note] InnoDB: Compressed tables use zlib 1.2.3
2016-11-02 19:00:31 10208 [Note] InnoDB: Not using CPU crc32 instructions
2016-11-02 19:00:31 10208 [Note] InnoDB: Initializing buffer pool, size = 128.0M
2016-11-02 19:00:31 10208 [Note] InnoDB: Completed initialization of buffer pool
2016-11-02 19:00:31 10208 [Note] InnoDB: Highest supported file format is Barracuda.
2016-11-02 19:00:31 10208 [Note] InnoDB: The log sequence numbers 1626134 and 1626134 in ibdata files do not match the log sequence number 1626646 in the ib_logfiles!
2016-11-02 19:00:31 10208 [Note] InnoDB: Database was not shutdown normally!
2016-11-02 19:00:31 10208 [Note] InnoDB: Starting crash recovery.
2016-11-02 19:00:31 10208 [Note] InnoDB: Reading tablespace information from the .ibd files...
2016-11-02 19:00:31 10208 [Note] InnoDB: Restoring possible half-written data pages 
2016-11-02 19:00:31 10208 [Note] InnoDB: from the doublewrite buffer...
2016-11-02 19:00:32 10208 [Note] InnoDB: 128 rollback segment(s) are active.
2016-11-02 19:00:32 10208 [Note] InnoDB: Waiting for purge to start
2016-11-02 19:00:32 10208 [Note] InnoDB: 5.6.13 started; log sequence number 1626646
2016-11-02 19:00:32 10208 [Note] Server hostname (bind-address): '*'; port: 3307
2016-11-02 19:00:32 10208 [Note] IPv6 is available.
2016-11-02 19:00:32 10208 [Note]   - '::' resolves to '::';
2016-11-02 19:00:32 10208 [Note] Server socket created on IP: '::'.
2016-11-02 19:00:35 8376 [Note] Plugin 'FEDERATED' is disabled.
2016-11-02 19:00:35 8376 [Note] InnoDB: The InnoDB memory heap is disabled
2016-11-02 19:00:35 8376 [Note] InnoDB: Mutexes and rw_locks use Windows interlocked functions
2016-11-02 19:00:35 8376 [Note] InnoDB: Compressed tables use zlib 1.2.3
2016-11-02 19:00:35 8376 [Note] InnoDB: Not using CPU crc32 instructions
2016-11-02 19:00:35 8376 [Note] InnoDB: Initializing buffer pool, size = 128.0M
2016-11-02 19:00:35 8376 [Note] InnoDB: Completed initialization of buffer pool
2016-11-02 19:00:35 8376 [Note] InnoDB: Highest supported file format is Barracuda.
2016-11-02 19:00:35 8376 [Note] InnoDB: Log scan progressed past the checkpoint lsn 1626646
2016-11-02 19:00:35 8376 [Note] InnoDB: Database was not shutdown normally!
2016-11-02 19:00:35 8376 [Note] InnoDB: Starting crash recovery.
2016-11-02 19:00:35 8376 [Note] InnoDB: Reading tablespace information from the .ibd files...
2016-11-02 19:00:35 8376 [Note] InnoDB: Restoring possible half-written data pages 
2016-11-02 19:00:35 8376 [Note] InnoDB: from the doublewrite buffer...
InnoDB: Doing recovery: scanned up to log sequence number 1626656
2016-11-02 19:00:35 8376 [Note] InnoDB: 128 rollback segment(s) are active.
2016-11-02 19:00:35 8376 [Note] InnoDB: Waiting for purge to start
2016-11-02 19:00:35 8376 [Note] InnoDB: 5.6.13 started; log sequence number 1626656
2016-11-02 19:00:35 8376 [Note] Server hostname (bind-address): '*'; port: 3307
2016-11-02 19:00:35 8376 [Note] IPv6 is available.
2016-11-02 19:00:35 8376 [Note]   - '::' resolves to '::';
2016-11-02 19:00:35 8376 [Note] Server socket created on IP: '::'.
